# JRE version: Java(TM) SE Runtime Environment (8.0_111-b14) (build 1.8.0_111-b14)
# Java VM: Java HotSpot(TM) 64-Bit Server VM (25.111-b14 mixed mode windows-amd64 compressed oops)
Heap:
 PSYoungGen      total 71680K, used 42088K [0x00000000d5b80000, 0x00000000da680000, 0x0000000100000000)
  eden space 66560K, 63% used [0x00000000d5b80000,0x00000000d849a308,0x00000000d9c80000)
  from space 5120K, 0% used [0x00000000d9c80000,0x00000000d9c80000,0x00000000da180000)
  to   space 5120K, 0% used [0x00000000da180000,0x00000000da180000,0x00000000da680000)
 ParOldGen       total 59392K, used 14278K [0x0000000081200000, 0x0000000084c00000, 0x00000000d5b80000)
  object space 59392K, 24% used [0x0000000081200000,0x0000000081ff1a20,0x0000000084c00000)
 Metaspace       used 38651K, capacity 38880K, committed 39424K, reserved 1083392K
  class space    used 5458K, capacity 5537K, committed 5632K, reserved 1048576K
GC Heap History (10 events):
Event: 4.689 GC heap before
{Heap before GC invocations=5 (full 0):
 PSYoungGen      total 71680K, used 24737K [0x00000000d5b80000, 0x00000000da680000, 0x0000000100000000)
  eden space 66560K, 29% used [0x00000000d5b80000,0x00000000d6ead860,0x00000000d9c80000)
  from space 5120K, 99% used [0x00000000da180000,0x00000000da67abc0,0x00000000da680000)
  to   space 5120K, 0% used [0x00000000d9c80000,0x00000000d9c80000,0x00000000da180000)
 ParOldGen       total 87552K, used 7412K [0x0000000081200000, 0x0000000086780000, 0x00000000d5b80000)
  object space 87552K, 8% used [0x0000000081200000,0x000000008193d320,0x0000000086780000)
 Metaspace       used 20884K, capacity 21054K, committed 21296K, reserved 1067008K
  class space    used 2817K, capacity 2906K, committed 2944K, reserved 1048576K
Event: 4.699 GC heap after
Heap after GC invocations=5 (full 0):
 PSYoungGen      total 71680K, used 5098K [0x00000000d5b80000, 0x00000000da680000, 0x0000000100000000)
  eden space 66560K, 0% used [0x00000000d5b80000,0x00000000d5b80000,0x00000000d9c80000)
  from space 5120K, 99% used [0x00000000d9c80000,0x00000000da17abc0,0x00000000da180000)
  to   space 5120K, 0% used [0x00000000da180000,0x00000000da180000,0x00000000da680000)
 ParOldGen       total 87552K, used 8645K [0x0000000081200000, 0x0000000086780000, 0x00000000d5b80000)
  object space 87552K, 9% used [0x0000000081200000,0x0000000081a714f0,0x0000000086780000)
 Metaspace       used 20884K, capacity 21054K, committed 21296K, reserved 1067008K
  class space    used 2817K, capacity 2906K, committed 2944K, reserved 1048576K
}
Event: 4.699 GC heap before
{Heap before GC invocations=6 (full 1):
 PSYoungGen      total 71680K, used 5098K [0x00000000d5b80000, 0x00000000da680000, 0x0000000100000000)
  eden space 66560K, 0% used [0x00000000d5b80000,0x00000000d5b80000,0x00000000d9c80000)
  from space 5120K, 99% used [0x00000000d9c80000,0x00000000da17abc0,0x00000000da180000)
  to   space 5120K, 0% used [0x00000000da180000,0x00000000da180000,0x00000000da680000)
 ParOldGen       total 87552K, used 8645K [0x0000000081200000, 0x0000000086780000, 0x00000000d5b80000)
  object space 87552K, 9% used [0x0000000081200000,0x0000000081a714f0,0x0000000086780000)
 Metaspace       used 20884K, capacity 21054K, committed 21296K, reserved 1067008K
  class space    used 2817K, capacity 2906K, committed 2944K, reserved 1048576K
Event: 4.766 GC heap after
Heap after GC invocations=6 (full 1):
 PSYoungGen      total 71680K, used 0K [0x00000000d5b80000, 0x00000000da680000, 0x0000000100000000)
  eden space 66560K, 0% used [0x00000000d5b80000,0x00000000d5b80000,0x00000000d9c80000)
  from space 5120K, 0% used [0x00000000d9c80000,0x00000000d9c80000,0x00000000da180000)
  to   space 5120K, 0% used [0x00000000da180000,0x00000000da180000,0x00000000da680000)
 ParOldGen       total 59392K, used 7548K [0x0000000081200000, 0x0000000084c00000, 0x00000000d5b80000)
  object space 59392K, 12% used [0x0000000081200000,0x000000008195f190,0x0000000084c00000)
 Metaspace       used 20884K, capacity 21054K, committed 21296K, reserved 1067008K
  class space    used 2817K, capacity 2906K, committed 2944K, reserved 1048576K
}
Event: 5.737 GC heap before
{Heap before GC invocations=7 (full 1):
 PSYoungGen      total 71680K, used 66560K [0x00000000d5b80000, 0x00000000da680000, 0x0000000100000000)
  eden space 66560K, 100% used [0x00000000d5b80000,0x00000000d9c80000,0x00000000d9c80000)
  from space 5120K, 0% used [0x00000000d9c80000,0x00000000d9c80000,0x00000000da180000)
  to   space 5120K, 0% used [0x00000000da180000,0x00000000da180000,0x00000000da680000)
 ParOldGen       total 59392K, used 7548K [0x0000000081200000, 0x0000000084c00000, 0x00000000d5b80000)
  object space 59392K, 12% used [0x0000000081200000,0x000000008195f190,0x0000000084c00000)
 Metaspace       used 26009K, capacity 26160K, committed 26368K, reserved 1073152K
  class space    used 3533K, capacity 3581K, committed 3584K, reserved 1048576K
Event: 5.745 GC heap after
Heap after GC invocations=7 (full 1):
 PSYoungGen      total 71680K, used 5103K [0x00000000d5b80000, 0x00000000da680000, 0x0000000100000000)
  eden space 66560K, 0% used [0x00000000d5b80000,0x00000000d5b80000,0x00000000d9c80000)
  from space 5120K, 99% used [0x00000000da180000,0x00000000da67bc18,0x00000000da680000)
  to   space 5120K, 0% used [0x00000000d9c80000,0x00000000d9c80000,0x00000000da180000)
 ParOldGen       total 59392K, used 7808K [0x0000000081200000, 0x0000000084c00000, 0x00000000d5b80000)
  object space 59392K, 13% used [0x0000000081200000,0x00000000819a00d0,0x0000000084c00000)
 Metaspace       used 26009K, capacity 26160K, committed 26368K, reserved 1073152K
  class space    used 3533K, capacity 3581K, committed 3584K, reserved 1048576K
}
Event: 7.472 GC heap before
{Heap before GC invocations=8 (full 1):
 PSYoungGen      total 71680K, used 68606K [0x00000000d5b80000, 0x00000000da680000, 0x0000000100000000)
  eden space 66560K, 95% used [0x00000000d5b80000,0x00000000d9983d98,0x00000000d9c80000)
  from space 5120K, 99% used [0x00000000da180000,0x00000000da67bc18,0x00000000da680000)
  to   space 5120K, 0% used [0x00000000d9c80000,0x00000000d9c80000,0x00000000da180000)
 ParOldGen       total 59392K, used 7808K [0x0000000081200000, 0x0000000084c00000, 0x00000000d5b80000)
  object space 59392K, 13% used [0x0000000081200000,0x00000000819a00d0,0x0000000084c00000)
 Metaspace       used 35051K, capacity 35216K, committed 35456K, reserved 1079296K
  class space    used 4882K, capacity 4957K, committed 4992K, reserved 1048576K
Event: 7.484 GC heap after
Heap after GC invocations=8 (full 1):
 PSYoungGen      total 71680K, used 5096K [0x00000000d5b80000, 0x00000000da680000, 0x0000000100000000)
  eden space 66560K, 0% used [0x00000000d5b80000,0x00000000d5b80000,0x00000000d9c80000)
  from space 5120K, 99% used [0x00000000d9c80000,0x00000000da17a120,0x00000000da180000)
  to   space 5120K, 0% used [0x00000000da180000,0x00000000da180000,0x00000000da680000)
 ParOldGen       total 59392K, used 10761K [0x0000000081200000, 0x0000000084c00000, 0x00000000d5b80000)
  object space 59392K, 18% used [0x0000000081200000,0x0000000081c82460,0x0000000084c00000)
 Metaspace       used 35051K, capacity 35216K, committed 35456K, reserved 1079296K
  class space    used 4882K, capacity 4957K, committed 4992K, reserved 1048576K
}
Event: 7.484 GC heap before
{Heap before GC invocations=9 (full 2):
 PSYoungGen      total 71680K, used 5096K [0x00000000d5b80000, 0x00000000da680000, 0x0000000100000000)
  eden space 66560K, 0% used [0x00000000d5b80000,0x00000000d5b80000,0x00000000d9c80000)
  from space 5120K, 99% used [0x00000000d9c80000,0x00000000da17a120,0x00000000da180000)
  to   space 5120K, 0% used [0x00000000da180000,0x00000000da180000,0x00000000da680000)
 ParOldGen       total 59392K, used 10761K [0x0000000081200000, 0x0000000084c00000, 0x00000000d5b80000)
  object space 59392K, 18% used [0x0000000081200000,0x0000000081c82460,0x0000000084c00000)
 Metaspace       used 35051K, capacity 35216K, committed 35456K, reserved 1079296K
  class space    used 4882K, capacity 4957K, committed 4992K, reserved 1048576K
Event: 7.585 GC heap after
Heap after GC invocations=9 (full 2):
 PSYoungGen      total 71680K, used 0K [0x00000000d5b80000, 0x00000000da680000, 0x0000000100000000)
  eden space 66560K, 0% used [0x00000000d5b80000,0x00000000d5b80000,0x00000000d9c80000)
  from space 5120K, 0% used [0x00000000d9c80000,0x00000000d9c80000,0x00000000da180000)
  to   space 5120K, 0% used [0x00000000da180000,0x00000000da180000,0x00000000da680000)
 ParOldGen       total 59392K, used 14278K [0x0000000081200000, 0x0000000084c00000, 0x00000000d5b80000)
  object space 59392K, 24% used [0x0000000081200000,0x0000000081ff1a20,0x0000000084c00000)
 Metaspace       used 35051K, capacity 35216K, committed 35456K, reserved 1079296K
  class space    used 4882K, capacity 4957K, committed 4992K, reserved 1048576K
}

