# JRE version: Java(TM) SE Runtime Environment (8.0_111-b14) (build 1.8.0_111-b14)
# Java VM: Java HotSpot(TM) 64-Bit Server VM (25.111-b14 mixed mode windows-amd64 compressed oops)
Heap:
 PSYoungGen      total 71680K, used 43337K [0x00000000d5b80000, 0x00000000da680000, 0x0000000100000000)
  eden space 66560K, 65% used [0x00000000d5b80000,0x00000000d85d2508,0x00000000d9c80000)
  from space 5120K, 0% used [0x00000000d9c80000,0x00000000d9c80000,0x00000000da180000)
  to   space 5120K, 0% used [0x00000000da180000,0x00000000da180000,0x00000000da680000)
 ParOldGen       total 57344K, used 14285K [0x0000000081200000, 0x0000000084a00000, 0x00000000d5b80000)
  object space 57344K, 24% used [0x0000000081200000,0x0000000081ff3680,0x0000000084a00000)
 Metaspace       used 38852K, capacity 39036K, committed 39424K, reserved 1083392K
  class space    used 5500K, capacity 5565K, committed 5632K, reserved 1048576K
GC Heap History (10 events):
Event: 4.769 GC heap before
{Heap before GC invocations=5 (full 0):
 PSYoungGen      total 71680K, used 24741K [0x00000000d5b80000, 0x00000000da680000, 0x0000000100000000)
  eden space 66560K, 29% used [0x00000000d5b80000,0x00000000d6eae8b8,0x00000000d9c80000)
  from space 5120K, 99% used [0x00000000da180000,0x00000000da67abe0,0x00000000da680000)
  to   space 5120K, 0% used [0x00000000d9c80000,0x00000000d9c80000,0x00000000da180000)
 ParOldGen       total 87552K, used 7506K [0x0000000081200000, 0x0000000086780000, 0x00000000d5b80000)
  object space 87552K, 8% used [0x0000000081200000,0x0000000081954840,0x0000000086780000)
 Metaspace       used 20869K, capacity 21018K, committed 21296K, reserved 1067008K
  class space    used 2810K, capacity 2870K, committed 2944K, reserved 1048576K
Event: 4.788 GC heap after
Heap after GC invocations=5 (full 0):
 PSYoungGen      total 71680K, used 5112K [0x00000000d5b80000, 0x00000000da680000, 0x0000000100000000)
  eden space 66560K, 0% used [0x00000000d5b80000,0x00000000d5b80000,0x00000000d9c80000)
  from space 5120K, 99% used [0x00000000d9c80000,0x00000000da17e060,0x00000000da180000)
  to   space 5120K, 0% used [0x00000000da180000,0x00000000da180000,0x00000000da680000)
 ParOldGen       total 87552K, used 8775K [0x0000000081200000, 0x0000000086780000, 0x00000000d5b80000)
  object space 87552K, 10% used [0x0000000081200000,0x0000000081a91d80,0x0000000086780000)
 Metaspace       used 20869K, capacity 21018K, committed 21296K, reserved 1067008K
  class space    used 2810K, capacity 2870K, committed 2944K, reserved 1048576K
}
Event: 4.788 GC heap before
{Heap before GC invocations=6 (full 1):
 PSYoungGen      total 71680K, used 5112K [0x00000000d5b80000, 0x00000000da680000, 0x0000000100000000)
  eden space 66560K, 0% used [0x00000000d5b80000,0x00000000d5b80000,0x00000000d9c80000)
  from space 5120K, 99% used [0x00000000d9c80000,0x00000000da17e060,0x00000000da180000)
  to   space 5120K, 0% used [0x00000000da180000,0x00000000da180000,0x00000000da680000)
 ParOldGen       total 87552K, used 8775K [0x0000000081200000, 0x0000000086780000, 0x00000000d5b80000)
  object space 87552K, 10% used [0x0000000081200000,0x0000000081a91d80,0x0000000086780000)
 Metaspace       used 20869K, capacity 21018K, committed 21296K, reserved 1067008K
  class space    used 2810K, capacity 2870K, committed 2944K, reserved 1048576K
Event: 4.854 GC heap after
Heap after GC invocations=6 (full 1):
 PSYoungGen      total 71680K, used 0K [0x00000000d5b80000, 0x00000000da680000, 0x0000000100000000)
  eden space 66560K, 0% used [0x00000000d5b80000,0x00000000d5b80000,0x00000000d9c80000)
  from space 5120K, 0% used [0x00000000d9c80000,0x00000000d9c80000,0x00000000da180000)
  to   space 5120K, 0% used [0x00000000da180000,0x00000000da180000,0x00000000da680000)
 ParOldGen       total 57344K, used 7560K [0x0000000081200000, 0x0000000084a00000, 0x00000000d5b80000)
  object space 57344K, 13% used [0x0000000081200000,0x00000000819621a8,0x0000000084a00000)
 Metaspace       used 20869K, capacity 21018K, committed 21296K, reserved 1067008K
  class space    used 2810K, capacity 2870K, committed 2944K, reserved 1048576K
}
Event: 5.620 GC heap before
{Heap before GC invocations=7 (full 1):
 PSYoungGen      total 71680K, used 66560K [0x00000000d5b80000, 0x00000000da680000, 0x0000000100000000)
  eden space 66560K, 100% used [0x00000000d5b80000,0x00000000d9c80000,0x00000000d9c80000)
  from space 5120K, 0% used [0x00000000d9c80000,0x00000000d9c80000,0x00000000da180000)
  to   space 5120K, 0% used [0x00000000da180000,0x00000000da180000,0x00000000da680000)
 ParOldGen       total 57344K, used 7560K [0x0000000081200000, 0x0000000084a00000, 0x00000000d5b80000)
  object space 57344K, 13% used [0x0000000081200000,0x00000000819621a8,0x0000000084a00000)
 Metaspace       used 26001K, capacity 26188K, committed 26496K, reserved 1073152K
  class space    used 3531K, capacity 3609K, committed 3712K, reserved 1048576K
Event: 5.627 GC heap after
Heap after GC invocations=7 (full 1):
 PSYoungGen      total 71680K, used 5100K [0x00000000d5b80000, 0x00000000da680000, 0x0000000100000000)
  eden space 66560K, 0% used [0x00000000d5b80000,0x00000000d5b80000,0x00000000d9c80000)
  from space 5120K, 99% used [0x00000000da180000,0x00000000da67b028,0x00000000da680000)
  to   space 5120K, 0% used [0x00000000d9c80000,0x00000000d9c80000,0x00000000da180000)
 ParOldGen       total 57344K, used 7847K [0x0000000081200000, 0x0000000084a00000, 0x00000000d5b80000)
  object space 57344K, 13% used [0x0000000081200000,0x00000000819a9dd8,0x0000000084a00000)
 Metaspace       used 26001K, capacity 26188K, committed 26496K, reserved 1073152K
  class space    used 3531K, capacity 3609K, committed 3712K, reserved 1048576K
}
Event: 6.738 GC heap before
{Heap before GC invocations=8 (full 1):
 PSYoungGen      total 71680K, used 69775K [0x00000000d5b80000, 0x00000000da680000, 0x0000000100000000)
  eden space 66560K, 97% used [0x00000000d5b80000,0x00000000d9aa8ed0,0x00000000d9c80000)
  from space 5120K, 99% used [0x00000000da180000,0x00000000da67b028,0x00000000da680000)
  to   space 5120K, 0% used [0x00000000d9c80000,0x00000000d9c80000,0x00000000da180000)
 ParOldGen       total 57344K, used 7847K [0x0000000081200000, 0x0000000084a00000, 0x00000000d5b80000)
  object space 57344K, 13% used [0x0000000081200000,0x00000000819a9dd8,0x0000000084a00000)
 Metaspace       used 35052K, capacity 35212K, committed 35456K, reserved 1079296K
  class space    used 4884K, capacity 4953K, committed 4992K, reserved 1048576K
Event: 6.749 GC heap after
Heap after GC invocations=8 (full 1):
 PSYoungGen      total 71680K, used 5088K [0x00000000d5b80000, 0x00000000da680000, 0x0000000100000000)
  eden space 66560K, 0% used [0x00000000d5b80000,0x00000000d5b80000,0x00000000d9c80000)
  from space 5120K, 99% used [0x00000000d9c80000,0x00000000da178090,0x00000000da180000)
  to   space 5120K, 0% used [0x00000000da180000,0x00000000da180000,0x00000000da680000)
 ParOldGen       total 57344K, used 10803K [0x0000000081200000, 0x0000000084a00000, 0x00000000d5b80000)
  object space 57344K, 18% used [0x0000000081200000,0x0000000081c8cfa8,0x0000000084a00000)
 Metaspace       used 35052K, capacity 35212K, committed 35456K, reserved 1079296K
  class space    used 4884K, capacity 4953K, committed 4992K, reserved 1048576K
}
Event: 6.749 GC heap before
{Heap before GC invocations=9 (full 2):
 PSYoungGen      total 71680K, used 5088K [0x00000000d5b80000, 0x00000000da680000, 0x0000000100000000)
  eden space 66560K, 0% used [0x00000000d5b80000,0x00000000d5b80000,0x00000000d9c80000)
  from space 5120K, 99% used [0x00000000d9c80000,0x00000000da178090,0x00000000da180000)
  to   space 5120K, 0% used [0x00000000da180000,0x00000000da180000,0x00000000da680000)
 ParOldGen       total 57344K, used 10803K [0x0000000081200000, 0x0000000084a00000, 0x00000000d5b80000)
  object space 57344K, 18% used [0x0000000081200000,0x0000000081c8cfa8,0x0000000084a00000)
 Metaspace       used 35052K, capacity 35212K, committed 35456K, reserved 1079296K
  class space    used 4884K, capacity 4953K, committed 4992K, reserved 1048576K
Event: 6.857 GC heap after
Heap after GC invocations=9 (full 2):
 PSYoungGen      total 71680K, used 0K [0x00000000d5b80000, 0x00000000da680000, 0x0000000100000000)
  eden space 66560K, 0% used [0x00000000d5b80000,0x00000000d5b80000,0x00000000d9c80000)
  from space 5120K, 0% used [0x00000000d9c80000,0x00000000d9c80000,0x00000000da180000)
  to   space 5120K, 0% used [0x00000000da180000,0x00000000da180000,0x00000000da680000)
 ParOldGen       total 57344K, used 14285K [0x0000000081200000, 0x0000000084a00000, 0x00000000d5b80000)
  object space 57344K, 24% used [0x0000000081200000,0x0000000081ff3680,0x0000000084a00000)
 Metaspace       used 35052K, capacity 35212K, committed 35456K, reserved 1079296K
  class space    used 4884K, capacity 4953K, committed 4992K, reserved 1048576K
}

