# JRE version: Java(TM) SE Runtime Environment (8.0_111-b14) (build 1.8.0_111-b14)
# Java VM: Java HotSpot(TM) 64-Bit Server VM (25.111-b14 mixed mode windows-amd64 compressed oops)
Heap:
 PSYoungGen      total 71680K, used 39537K [0x00000000d5b80000, 0x00000000da680000, 0x0000000100000000)
  eden space 66560K, 59% used [0x00000000d5b80000,0x00000000d821c520,0x00000000d9c80000)
  from space 5120K, 0% used [0x00000000d9c80000,0x00000000d9c80000,0x00000000da180000)
  to   space 5120K, 0% used [0x00000000da180000,0x00000000da180000,0x00000000da680000)
 ParOldGen       total 60928K, used 14306K [0x0000000081200000, 0x0000000084d80000, 0x00000000d5b80000)
  object space 60928K, 23% used [0x0000000081200000,0x0000000081ff8990,0x0000000084d80000)
 Metaspace       used 38458K, capacity 38650K, committed 39040K, reserved 1083392K
  class space    used 5433K, capacity 5499K, committed 5504K, reserved 1048576K
GC Heap History (10 events):
Event: 3.652 GC heap before
{Heap before GC invocations=5 (full 0):
 PSYoungGen      total 71680K, used 24674K [0x00000000d5b80000, 0x00000000da680000, 0x0000000100000000)
  eden space 66560K, 29% used [0x00000000d5b80000,0x00000000d6ea0af0,0x00000000d9c80000)
  from space 5120K, 99% used [0x00000000da180000,0x00000000da678030,0x00000000da680000)
  to   space 5120K, 0% used [0x00000000d9c80000,0x00000000d9c80000,0x00000000da180000)
 ParOldGen       total 87552K, used 7468K [0x0000000081200000, 0x0000000086780000, 0x00000000d5b80000)
  object space 87552K, 8% used [0x0000000081200000,0x000000008194b2b8,0x0000000086780000)
 Metaspace       used 20877K, capacity 21048K, committed 21296K, reserved 1067008K
  class space    used 2815K, capacity 2900K, committed 2944K, reserved 1048576K
Event: 3.666 GC heap after
Heap after GC invocations=5 (full 0):
 PSYoungGen      total 71680K, used 5112K [0x00000000d5b80000, 0x00000000da680000, 0x0000000100000000)
  eden space 66560K, 0% used [0x00000000d5b80000,0x00000000d5b80000,0x00000000d9c80000)
  from space 5120K, 99% used [0x00000000d9c80000,0x00000000da17e040,0x00000000da180000)
  to   space 5120K, 0% used [0x00000000da180000,0x00000000da180000,0x00000000da680000)
 ParOldGen       total 87552K, used 8642K [0x0000000081200000, 0x0000000086780000, 0x00000000d5b80000)
  object space 87552K, 9% used [0x0000000081200000,0x0000000081a708a0,0x0000000086780000)
 Metaspace       used 20877K, capacity 21048K, committed 21296K, reserved 1067008K
  class space    used 2815K, capacity 2900K, committed 2944K, reserved 1048576K
}
Event: 3.666 GC heap before
{Heap before GC invocations=6 (full 1):
 PSYoungGen      total 71680K, used 5112K [0x00000000d5b80000, 0x00000000da680000, 0x0000000100000000)
  eden space 66560K, 0% used [0x00000000d5b80000,0x00000000d5b80000,0x00000000d9c80000)
  from space 5120K, 99% used [0x00000000d9c80000,0x00000000da17e040,0x00000000da180000)
  to   space 5120K, 0% used [0x00000000da180000,0x00000000da180000,0x00000000da680000)
 ParOldGen       total 87552K, used 8642K [0x0000000081200000, 0x0000000086780000, 0x00000000d5b80000)
  object space 87552K, 9% used [0x0000000081200000,0x0000000081a708a0,0x0000000086780000)
 Metaspace       used 20877K, capacity 21048K, committed 21296K, reserved 1067008K
  class space    used 2815K, capacity 2900K, committed 2944K, reserved 1048576K
Event: 3.738 GC heap after
Heap after GC invocations=6 (full 1):
 PSYoungGen      total 71680K, used 0K [0x00000000d5b80000, 0x00000000da680000, 0x0000000100000000)
  eden space 66560K, 0% used [0x00000000d5b80000,0x00000000d5b80000,0x00000000d9c80000)
  from space 5120K, 0% used [0x00000000d9c80000,0x00000000d9c80000,0x00000000da180000)
  to   space 5120K, 0% used [0x00000000da180000,0x00000000da180000,0x00000000da680000)
 ParOldGen       total 60928K, used 7554K [0x0000000081200000, 0x0000000084d80000, 0x00000000d5b80000)
  object space 60928K, 12% used [0x0000000081200000,0x0000000081960a08,0x0000000084d80000)
 Metaspace       used 20877K, capacity 21048K, committed 21296K, reserved 1067008K
  class space    used 2815K, capacity 2900K, committed 2944K, reserved 1048576K
}
Event: 4.512 GC heap before
{Heap before GC invocations=7 (full 1):
 PSYoungGen      total 71680K, used 66560K [0x00000000d5b80000, 0x00000000da680000, 0x0000000100000000)
  eden space 66560K, 100% used [0x00000000d5b80000,0x00000000d9c80000,0x00000000d9c80000)
  from space 5120K, 0% used [0x00000000d9c80000,0x00000000d9c80000,0x00000000da180000)
  to   space 5120K, 0% used [0x00000000da180000,0x00000000da180000,0x00000000da680000)
 ParOldGen       total 60928K, used 7554K [0x0000000081200000, 0x0000000084d80000, 0x00000000d5b80000)
  object space 60928K, 12% used [0x0000000081200000,0x0000000081960a08,0x0000000084d80000)
 Metaspace       used 25974K, capacity 26122K, committed 26496K, reserved 1073152K
  class space    used 3528K, capacity 3607K, committed 3712K, reserved 1048576K
Event: 4.519 GC heap after
Heap after GC invocations=7 (full 1):
 PSYoungGen      total 71680K, used 5089K [0x00000000d5b80000, 0x00000000da680000, 0x0000000100000000)
  eden space 66560K, 0% used [0x00000000d5b80000,0x00000000d5b80000,0x00000000d9c80000)
  from space 5120K, 99% used [0x00000000da180000,0x00000000da678548,0x00000000da680000)
  to   space 5120K, 0% used [0x00000000d9c80000,0x00000000d9c80000,0x00000000da180000)
 ParOldGen       total 60928K, used 7833K [0x0000000081200000, 0x0000000084d80000, 0x00000000d5b80000)
  object space 60928K, 12% used [0x0000000081200000,0x00000000819a66d0,0x0000000084d80000)
 Metaspace       used 25974K, capacity 26122K, committed 26496K, reserved 1073152K
  class space    used 3528K, capacity 3607K, committed 3712K, reserved 1048576K
}
Event: 5.670 GC heap before
{Heap before GC invocations=8 (full 1):
 PSYoungGen      total 71680K, used 70045K [0x00000000d5b80000, 0x00000000da680000, 0x0000000100000000)
  eden space 66560K, 97% used [0x00000000d5b80000,0x00000000d9aef000,0x00000000d9c80000)
  from space 5120K, 99% used [0x00000000da180000,0x00000000da678548,0x00000000da680000)
  to   space 5120K, 0% used [0x00000000d9c80000,0x00000000d9c80000,0x00000000da180000)
 ParOldGen       total 60928K, used 7833K [0x0000000081200000, 0x0000000084d80000, 0x00000000d5b80000)
  object space 60928K, 12% used [0x0000000081200000,0x00000000819a66d0,0x0000000084d80000)
 Metaspace       used 35045K, capacity 35210K, committed 35456K, reserved 1079296K
  class space    used 4884K, capacity 4951K, committed 4992K, reserved 1048576K
Event: 5.682 GC heap after
Heap after GC invocations=8 (full 1):
 PSYoungGen      total 71680K, used 5088K [0x00000000d5b80000, 0x00000000da680000, 0x0000000100000000)
  eden space 66560K, 0% used [0x00000000d5b80000,0x00000000d5b80000,0x00000000d9c80000)
  from space 5120K, 99% used [0x00000000d9c80000,0x00000000da178090,0x00000000da180000)
  to   space 5120K, 0% used [0x00000000da180000,0x00000000da180000,0x00000000da680000)
 ParOldGen       total 60928K, used 10812K [0x0000000081200000, 0x0000000084d80000, 0x00000000d5b80000)
  object space 60928K, 17% used [0x0000000081200000,0x0000000081c8f088,0x0000000084d80000)
 Metaspace       used 35045K, capacity 35210K, committed 35456K, reserved 1079296K
  class space    used 4884K, capacity 4951K, committed 4992K, reserved 1048576K
}
Event: 5.682 GC heap before
{Heap before GC invocations=9 (full 2):
 PSYoungGen      total 71680K, used 5088K [0x00000000d5b80000, 0x00000000da680000, 0x0000000100000000)
  eden space 66560K, 0% used [0x00000000d5b80000,0x00000000d5b80000,0x00000000d9c80000)
  from space 5120K, 99% used [0x00000000d9c80000,0x00000000da178090,0x00000000da180000)
  to   space 5120K, 0% used [0x00000000da180000,0x00000000da180000,0x00000000da680000)
 ParOldGen       total 60928K, used 10812K [0x0000000081200000, 0x0000000084d80000, 0x00000000d5b80000)
  object space 60928K, 17% used [0x0000000081200000,0x0000000081c8f088,0x0000000084d80000)
 Metaspace       used 35045K, capacity 35210K, committed 35456K, reserved 1079296K
  class space    used 4884K, capacity 4951K, committed 4992K, reserved 1048576K
Event: 5.791 GC heap after
Heap after GC invocations=9 (full 2):
 PSYoungGen      total 71680K, used 0K [0x00000000d5b80000, 0x00000000da680000, 0x0000000100000000)
  eden space 66560K, 0% used [0x00000000d5b80000,0x00000000d5b80000,0x00000000d9c80000)
  from space 5120K, 0% used [0x00000000d9c80000,0x00000000d9c80000,0x00000000da180000)
  to   space 5120K, 0% used [0x00000000da180000,0x00000000da180000,0x00000000da680000)
 ParOldGen       total 60928K, used 14306K [0x0000000081200000, 0x0000000084d80000, 0x00000000d5b80000)
  object space 60928K, 23% used [0x0000000081200000,0x0000000081ff8990,0x0000000084d80000)
 Metaspace       used 35045K, capacity 35210K, committed 35456K, reserved 1079296K
  class space    used 4884K, capacity 4951K, committed 4992K, reserved 1048576K
}

